2024/03/08 14:26:43.892 [restartedMain] example.CategoryBatch.Config.Listener.ChunkCountingListener 書き出し件数:10000
%2024/03/08 14:26:43.894 [restartedMain] example.CategoryBatch.Config.Listener.ChunkCountingListener 処理終了件数:1
%2024/03/08 14:26:44.293 [restartedMain] example.CategoryBatch.Config.Listener.ChunkCountingListener 書き出し件数:20000
%2024/03/08 14:26:44.295 [restartedMain] example.CategoryBatch.Config.Listener.ChunkCountingListener 処理終了件数:2
%2024/03/08 14:26:44.724 [restartedMain] example.CategoryBatch.Config.Listener.ChunkCountingListener 書き出し件数:30000
%2024/03/08 14:26:44.725 [restartedMain] example.CategoryBatch.Config.Listener.ChunkCountingListener 処理終了件数:3
%2024/03/08 14:26:45.358 [restartedMain] example.CategoryBatch.Config.Listener.ChunkCountingListener 書き出し件数:40000
%2024/03/08 14:26:45.359 [restartedMain] example.CategoryBatch.Config.Listener.ChunkCountingListener 処理終了件数:4
%2024/03/08 14:26:45.747 [restartedMain] example.CategoryBatch.Config.Listener.ChunkCountingListener 書き出し件数:50000
%2024/03/08 14:26:45.748 [restartedMain] example.CategoryBatch.Config.Listener.ChunkCountingListener 処理終了件数:5
%2024/03/08 14:26:46.218 [restartedMain] example.CategoryBatch.Config.Listener.ChunkCountingListener 書き出し件数:60000
%2024/03/08 14:26:46.222 [restartedMain] example.CategoryBatch.Config.Listener.ChunkCountingListener 処理終了件数:6
%2024/03/08 14:26:46.672 [restartedMain] example.CategoryBatch.Config.Listener.ChunkCountingListener 書き出し件数:70000
%2024/03/08 14:26:46.672 [restartedMain] example.CategoryBatch.Config.Listener.ChunkCountingListener 処理終了件数:7
%2024/03/08 14:26:47.025 [restartedMain] example.CategoryBatch.Config.Listener.ChunkCountingListener 書き出し件数:80000
%2024/03/08 14:26:47.026 [restartedMain] example.CategoryBatch.Config.Listener.ChunkCountingListener 処理終了件数:8
%2024/03/08 14:26:47.360 [restartedMain] example.CategoryBatch.Config.Listener.ChunkCountingListener 書き出し件数:90000
%2024/03/08 14:26:47.363 [restartedMain] example.CategoryBatch.Config.Listener.ChunkCountingListener 処理終了件数:9
%2024/03/08 14:26:47.632 [restartedMain] example.CategoryBatch.Config.Listener.ChunkCountingListener 書き出し件数:100000
%2024/03/08 14:26:47.632 [restartedMain] example.CategoryBatch.Config.Listener.ChunkCountingListener 処理終了件数:10
%2024/03/08 14:26:48.106 [restartedMain] example.CategoryBatch.Config.Listener.ChunkCountingListener 書き出し件数:110000
%2024/03/08 14:26:48.106 [restartedMain] example.CategoryBatch.Config.Listener.ChunkCountingListener 処理終了件数:11
%2024/03/08 14:26:48.813 [restartedMain] example.CategoryBatch.Config.Listener.ChunkCountingListener 書き出し件数:120000
%2024/03/08 14:26:48.814 [restartedMain] example.CategoryBatch.Config.Listener.ChunkCountingListener 処理終了件数:12
%2024/03/08 14:26:49.250 [restartedMain] example.CategoryBatch.Config.Listener.ChunkCountingListener 書き出し件数:130000
%2024/03/08 14:26:49.251 [restartedMain] example.CategoryBatch.Config.Listener.ChunkCountingListener 処理終了件数:13
%2024/03/08 14:26:49.674 [restartedMain] example.CategoryBatch.Config.Listener.ChunkCountingListener 書き出し件数:140000
%2024/03/08 14:26:49.674 [restartedMain] example.CategoryBatch.Config.Listener.ChunkCountingListener 処理終了件数:14
%2024/03/08 14:26:49.906 [restartedMain] example.CategoryBatch.Config.Listener.ChunkCountingListener 書き出し件数:150000
%2024/03/08 14:26:49.906 [restartedMain] example.CategoryBatch.Config.Listener.ChunkCountingListener 処理終了件数:15
%2024/03/08 14:26:50.202 [restartedMain] example.CategoryBatch.Config.Listener.ChunkCountingListener 書き出し件数:160000
%2024/03/08 14:26:50.203 [restartedMain] example.CategoryBatch.Config.Listener.ChunkCountingListener 処理終了件数:16
%2024/03/08 14:26:50.478 [restartedMain] example.CategoryBatch.Config.Listener.ChunkCountingListener 書き出し件数:170000
%2024/03/08 14:26:50.479 [restartedMain] example.CategoryBatch.Config.Listener.ChunkCountingListener 処理終了件数:17
%2024/03/08 14:26:50.751 [restartedMain] example.CategoryBatch.Config.Listener.ChunkCountingListener 書き出し件数:180000
%2024/03/08 14:26:50.752 [restartedMain] example.CategoryBatch.Config.Listener.ChunkCountingListener 処理終了件数:18
%2024/03/08 14:26:51.247 [restartedMain] example.CategoryBatch.Config.Listener.ChunkCountingListener 書き出し件数:190000
%2024/03/08 14:26:51.247 [restartedMain] example.CategoryBatch.Config.Listener.ChunkCountingListener 処理終了件数:19
%2024/03/08 14:26:51.535 [restartedMain] example.CategoryBatch.Config.Listener.ChunkCountingListener 書き出し件数:200000
%2024/03/08 14:26:51.536 [restartedMain] example.CategoryBatch.Config.Listener.ChunkCountingListener 処理終了件数:20
%2024/03/08 14:26:51.923 [restartedMain] example.CategoryBatch.Config.Listener.ChunkCountingListener 書き出し件数:210000
%2024/03/08 14:26:51.929 [restartedMain] example.CategoryBatch.Config.Listener.ChunkCountingListener 処理終了件数:21
%2024/03/08 14:26:52.169 [restartedMain] example.CategoryBatch.Config.Listener.ChunkCountingListener 書き出し件数:220000
%2024/03/08 14:26:52.169 [restartedMain] example.CategoryBatch.Config.Listener.ChunkCountingListener 処理終了件数:22
%2024/03/08 14:26:52.477 [restartedMain] example.CategoryBatch.Config.Listener.ChunkCountingListener 書き出し件数:230000
%2024/03/08 14:26:52.477 [restartedMain] example.CategoryBatch.Config.Listener.ChunkCountingListener 処理終了件数:23
%2024/03/08 14:26:52.806 [restartedMain] example.CategoryBatch.Config.Listener.ChunkCountingListener 書き出し件数:240000
%2024/03/08 14:26:52.806 [restartedMain] example.CategoryBatch.Config.Listener.ChunkCountingListener 処理終了件数:24
%2024/03/08 14:26:53.285 [restartedMain] example.CategoryBatch.Config.Listener.ChunkCountingListener 書き出し件数:250000
%2024/03/08 14:26:53.285 [restartedMain] example.CategoryBatch.Config.Listener.ChunkCountingListener 処理終了件数:25
%2024/03/08 14:26:53.560 [restartedMain] example.CategoryBatch.Config.Listener.ChunkCountingListener 書き出し件数:260000
%2024/03/08 14:26:53.562 [restartedMain] example.CategoryBatch.Config.Listener.ChunkCountingListener 処理終了件数:26
%2024/03/08 14:26:53.853 [restartedMain] example.CategoryBatch.Config.Listener.ChunkCountingListener 書き出し件数:270000
%2024/03/08 14:26:53.853 [restartedMain] example.CategoryBatch.Config.Listener.ChunkCountingListener 処理終了件数:27
%2024/03/08 14:26:54.112 [restartedMain] example.CategoryBatch.Config.Listener.ChunkCountingListener 書き出し件数:280000
%2024/03/08 14:26:54.113 [restartedMain] example.CategoryBatch.Config.Listener.ChunkCountingListener 処理終了件数:28
%2024/03/08 14:26:54.379 [restartedMain] example.CategoryBatch.Config.Listener.ChunkCountingListener 書き出し件数:290000
%2024/03/08 14:26:54.380 [restartedMain] example.CategoryBatch.Config.Listener.ChunkCountingListener 処理終了件数:29
%2024/03/08 14:26:54.608 [restartedMain] example.CategoryBatch.Config.Listener.ChunkCountingListener 書き出し件数:300000
%2024/03/08 14:26:54.608 [restartedMain] example.CategoryBatch.Config.Listener.ChunkCountingListener 処理終了件数:30
%2024/03/08 14:26:54.892 [restartedMain] example.CategoryBatch.Config.Listener.ChunkCountingListener 書き出し件数:310000
%2024/03/08 14:26:54.892 [restartedMain] example.CategoryBatch.Config.Listener.ChunkCountingListener 処理終了件数:31
%2024/03/08 14:26:55.389 [restartedMain] example.CategoryBatch.Config.Listener.ChunkCountingListener 書き出し件数:320000
%2024/03/08 14:26:55.390 [restartedMain] example.CategoryBatch.Config.Listener.ChunkCountingListener 処理終了件数:32
%2024/03/08 14:26:55.645 [restartedMain] example.CategoryBatch.Config.Listener.ChunkCountingListener 書き出し件数:330000
%2024/03/08 14:26:55.645 [restartedMain] example.CategoryBatch.Config.Listener.ChunkCountingListener 処理終了件数:33
%2024/03/08 14:26:55.916 [restartedMain] example.CategoryBatch.Config.Listener.ChunkCountingListener 書き出し件数:340000
%2024/03/08 14:26:55.918 [restartedMain] example.CategoryBatch.Config.Listener.ChunkCountingListener 処理終了件数:34
%2024/03/08 14:26:56.164 [restartedMain] example.CategoryBatch.Config.Listener.ChunkCountingListener 書き出し件数:350000
%2024/03/08 14:26:56.164 [restartedMain] example.CategoryBatch.Config.Listener.ChunkCountingListener 処理終了件数:35
%2024/03/08 14:26:56.451 [restartedMain] example.CategoryBatch.Config.Listener.ChunkCountingListener 書き出し件数:360000
%2024/03/08 14:26:56.451 [restartedMain] example.CategoryBatch.Config.Listener.ChunkCountingListener 処理終了件数:36
%2024/03/08 14:26:56.683 [restartedMain] example.CategoryBatch.Config.Listener.ChunkCountingListener 書き出し件数:370000
%2024/03/08 14:26:56.683 [restartedMain] example.CategoryBatch.Config.Listener.ChunkCountingListener 処理終了件数:37
%2024/03/08 14:26:56.950 [restartedMain] example.CategoryBatch.Config.Listener.ChunkCountingListener 書き出し件数:380000
%2024/03/08 14:26:56.950 [restartedMain] example.CategoryBatch.Config.Listener.ChunkCountingListener 処理終了件数:38
%2024/03/08 14:26:57.350 [restartedMain] example.CategoryBatch.Config.Listener.ChunkCountingListener 書き出し件数:390000
%2024/03/08 14:26:57.350 [restartedMain] example.CategoryBatch.Config.Listener.ChunkCountingListener 処理終了件数:39
%2024/03/08 14:26:57.635 [restartedMain] example.CategoryBatch.Config.Listener.ChunkCountingListener 書き出し件数:400000
%2024/03/08 14:26:57.643 [restartedMain] example.CategoryBatch.Config.Listener.ChunkCountingListener 処理終了件数:40
%2024/03/08 14:26:57.950 [restartedMain] example.CategoryBatch.Config.Listener.ChunkCountingListener 書き出し件数:410000
%2024/03/08 14:26:57.951 [restartedMain] example.CategoryBatch.Config.Listener.ChunkCountingListener 処理終了件数:41
%2024/03/08 14:26:58.273 [restartedMain] example.CategoryBatch.Config.Listener.ChunkCountingListener 書き出し件数:420000
%2024/03/08 14:26:58.273 [restartedMain] example.CategoryBatch.Config.Listener.ChunkCountingListener 処理終了件数:42
%2024/03/08 14:26:58.523 [restartedMain] example.CategoryBatch.Config.Listener.ChunkCountingListener 書き出し件数:430000
%2024/03/08 14:26:58.523 [restartedMain] example.CategoryBatch.Config.Listener.ChunkCountingListener 処理終了件数:43
%2024/03/08 14:26:58.757 [restartedMain] example.CategoryBatch.Config.Listener.ChunkCountingListener 書き出し件数:440000
%2024/03/08 14:26:58.757 [restartedMain] example.CategoryBatch.Config.Listener.ChunkCountingListener 処理終了件数:44
%2024/03/08 14:26:59.066 [restartedMain] example.CategoryBatch.Config.Listener.ChunkCountingListener 書き出し件数:450000
%2024/03/08 14:26:59.071 [restartedMain] example.CategoryBatch.Config.Listener.ChunkCountingListener 処理終了件数:45
%2024/03/08 14:26:59.398 [restartedMain] example.CategoryBatch.Config.Listener.ChunkCountingListener 書き出し件数:460000
%2024/03/08 14:26:59.398 [restartedMain] example.CategoryBatch.Config.Listener.ChunkCountingListener 処理終了件数:46
%2024/03/08 14:26:59.667 [restartedMain] example.CategoryBatch.Config.Listener.ChunkCountingListener 書き出し件数:470000
%2024/03/08 14:26:59.667 [restartedMain] example.CategoryBatch.Config.Listener.ChunkCountingListener 処理終了件数:47
%2024/03/08 14:26:59.672 [restartedMain] example.CategoryBatch.Config.Listener.ChunkCountingListener itemsテーブル移行処理中にエラーが発生しました:
%2024/03/08 14:30:49.187 [restartedMain] example.CategoryBatch.Config.Listener.ChunkCountingListener 書き出し件数:10000
%2024/03/08 14:30:49.190 [restartedMain] example.CategoryBatch.Config.Listener.ChunkCountingListener 処理終了件数:1
%2024/03/08 14:30:49.741 [restartedMain] example.CategoryBatch.Config.Listener.ChunkCountingListener 書き出し件数:20000
%2024/03/08 14:30:49.743 [restartedMain] example.CategoryBatch.Config.Listener.ChunkCountingListener 処理終了件数:2
%2024/03/08 14:30:50.122 [restartedMain] example.CategoryBatch.Config.Listener.ChunkCountingListener 書き出し件数:30000
%2024/03/08 14:30:50.123 [restartedMain] example.CategoryBatch.Config.Listener.ChunkCountingListener 処理終了件数:3
%2024/03/08 14:30:50.426 [restartedMain] example.CategoryBatch.Config.Listener.ChunkCountingListener 書き出し件数:40000
%2024/03/08 14:30:50.427 [restartedMain] example.CategoryBatch.Config.Listener.ChunkCountingListener 処理終了件数:4
%2024/03/08 14:30:50.784 [restartedMain] example.CategoryBatch.Config.Listener.ChunkCountingListener 書き出し件数:50000
%2024/03/08 14:30:50.784 [restartedMain] example.CategoryBatch.Config.Listener.ChunkCountingListener 処理終了件数:5
%2024/03/08 14:30:51.067 [restartedMain] example.CategoryBatch.Config.Listener.ChunkCountingListener 書き出し件数:60000
%2024/03/08 14:30:51.068 [restartedMain] example.CategoryBatch.Config.Listener.ChunkCountingListener 処理終了件数:6
%2024/03/08 14:30:51.382 [restartedMain] example.CategoryBatch.Config.Listener.ChunkCountingListener 書き出し件数:70000
%2024/03/08 14:30:51.383 [restartedMain] example.CategoryBatch.Config.Listener.ChunkCountingListener 処理終了件数:7
%2024/03/08 14:30:51.635 [restartedMain] example.CategoryBatch.Config.Listener.ChunkCountingListener 書き出し件数:80000
%2024/03/08 14:30:51.635 [restartedMain] example.CategoryBatch.Config.Listener.ChunkCountingListener 処理終了件数:8
%2024/03/08 14:30:52.101 [restartedMain] example.CategoryBatch.Config.Listener.ChunkCountingListener 書き出し件数:90000
%2024/03/08 14:30:52.105 [restartedMain] example.CategoryBatch.Config.Listener.ChunkCountingListener 処理終了件数:9
%2024/03/08 14:30:52.409 [restartedMain] example.CategoryBatch.Config.Listener.ChunkCountingListener 書き出し件数:100000
%2024/03/08 14:30:52.410 [restartedMain] example.CategoryBatch.Config.Listener.ChunkCountingListener 処理終了件数:10
%2024/03/08 14:30:52.728 [restartedMain] example.CategoryBatch.Config.Listener.ChunkCountingListener 書き出し件数:110000
%2024/03/08 14:30:52.729 [restartedMain] example.CategoryBatch.Config.Listener.ChunkCountingListener 処理終了件数:11
%2024/03/08 14:30:52.987 [restartedMain] example.CategoryBatch.Config.Listener.ChunkCountingListener 書き出し件数:120000
%2024/03/08 14:30:52.989 [restartedMain] example.CategoryBatch.Config.Listener.ChunkCountingListener 処理終了件数:12
%2024/03/08 14:30:53.309 [restartedMain] example.CategoryBatch.Config.Listener.ChunkCountingListener 書き出し件数:130000
%2024/03/08 14:30:53.309 [restartedMain] example.CategoryBatch.Config.Listener.ChunkCountingListener 処理終了件数:13
%2024/03/08 14:30:53.567 [restartedMain] example.CategoryBatch.Config.Listener.ChunkCountingListener 書き出し件数:140000
%2024/03/08 14:30:53.567 [restartedMain] example.CategoryBatch.Config.Listener.ChunkCountingListener 処理終了件数:14
%2024/03/08 14:30:53.818 [restartedMain] example.CategoryBatch.Config.Listener.ChunkCountingListener 書き出し件数:150000
%2024/03/08 14:30:53.818 [restartedMain] example.CategoryBatch.Config.Listener.ChunkCountingListener 処理終了件数:15
%2024/03/08 14:30:54.089 [restartedMain] example.CategoryBatch.Config.Listener.ChunkCountingListener 書き出し件数:160000
%2024/03/08 14:30:54.090 [restartedMain] example.CategoryBatch.Config.Listener.ChunkCountingListener 処理終了件数:16
%2024/03/08 14:30:54.341 [restartedMain] example.CategoryBatch.Config.Listener.ChunkCountingListener 書き出し件数:170000
%2024/03/08 14:30:54.342 [restartedMain] example.CategoryBatch.Config.Listener.ChunkCountingListener 処理終了件数:17
%2024/03/08 14:30:54.622 [restartedMain] example.CategoryBatch.Config.Listener.ChunkCountingListener 書き出し件数:180000
%2024/03/08 14:30:54.624 [restartedMain] example.CategoryBatch.Config.Listener.ChunkCountingListener 処理終了件数:18
%2024/03/08 14:30:54.890 [restartedMain] example.CategoryBatch.Config.Listener.ChunkCountingListener 書き出し件数:190000
%2024/03/08 14:30:54.892 [restartedMain] example.CategoryBatch.Config.Listener.ChunkCountingListener 処理終了件数:19
%2024/03/08 14:30:55.133 [restartedMain] example.CategoryBatch.Config.Listener.ChunkCountingListener 書き出し件数:200000
%2024/03/08 14:30:55.133 [restartedMain] example.CategoryBatch.Config.Listener.ChunkCountingListener 処理終了件数:20
%2024/03/08 14:30:55.394 [restartedMain] example.CategoryBatch.Config.Listener.ChunkCountingListener 書き出し件数:210000
%2024/03/08 14:30:55.395 [restartedMain] example.CategoryBatch.Config.Listener.ChunkCountingListener 処理終了件数:21
%2024/03/08 14:30:55.627 [restartedMain] example.CategoryBatch.Config.Listener.ChunkCountingListener 書き出し件数:220000
%2024/03/08 14:30:55.628 [restartedMain] example.CategoryBatch.Config.Listener.ChunkCountingListener 処理終了件数:22
%2024/03/08 14:30:55.865 [restartedMain] example.CategoryBatch.Config.Listener.ChunkCountingListener 書き出し件数:230000
%2024/03/08 14:30:55.865 [restartedMain] example.CategoryBatch.Config.Listener.ChunkCountingListener 処理終了件数:23
%2024/03/08 14:30:56.129 [restartedMain] example.CategoryBatch.Config.Listener.ChunkCountingListener 書き出し件数:240000
%2024/03/08 14:30:56.129 [restartedMain] example.CategoryBatch.Config.Listener.ChunkCountingListener 処理終了件数:24
%2024/03/08 14:30:56.383 [restartedMain] example.CategoryBatch.Config.Listener.ChunkCountingListener 書き出し件数:250000
%2024/03/08 14:30:56.384 [restartedMain] example.CategoryBatch.Config.Listener.ChunkCountingListener 処理終了件数:25
%2024/03/08 14:30:57.216 [restartedMain] example.CategoryBatch.Config.Listener.ChunkCountingListener 書き出し件数:260000
%2024/03/08 14:30:57.218 [restartedMain] example.CategoryBatch.Config.Listener.ChunkCountingListener 処理終了件数:26
%2024/03/08 14:30:57.563 [restartedMain] example.CategoryBatch.Config.Listener.ChunkCountingListener 書き出し件数:270000
%2024/03/08 14:30:57.564 [restartedMain] example.CategoryBatch.Config.Listener.ChunkCountingListener 処理終了件数:27
%2024/03/08 14:30:57.951 [restartedMain] example.CategoryBatch.Config.Listener.ChunkCountingListener 書き出し件数:280000
%2024/03/08 14:30:57.956 [restartedMain] example.CategoryBatch.Config.Listener.ChunkCountingListener 処理終了件数:28
%2024/03/08 14:30:58.281 [restartedMain] example.CategoryBatch.Config.Listener.ChunkCountingListener 書き出し件数:290000
%2024/03/08 14:30:58.281 [restartedMain] example.CategoryBatch.Config.Listener.ChunkCountingListener 処理終了件数:29
%2024/03/08 14:30:58.576 [restartedMain] example.CategoryBatch.Config.Listener.ChunkCountingListener 書き出し件数:300000
%2024/03/08 14:30:58.577 [restartedMain] example.CategoryBatch.Config.Listener.ChunkCountingListener 処理終了件数:30
%2024/03/08 14:30:58.844 [restartedMain] example.CategoryBatch.Config.Listener.ChunkCountingListener 書き出し件数:310000
%2024/03/08 14:30:58.844 [restartedMain] example.CategoryBatch.Config.Listener.ChunkCountingListener 処理終了件数:31
%2024/03/08 14:30:59.124 [restartedMain] example.CategoryBatch.Config.Listener.ChunkCountingListener 書き出し件数:320000
%2024/03/08 14:30:59.126 [restartedMain] example.CategoryBatch.Config.Listener.ChunkCountingListener 処理終了件数:32
%2024/03/08 14:30:59.437 [restartedMain] example.CategoryBatch.Config.Listener.ChunkCountingListener 書き出し件数:330000
%2024/03/08 14:30:59.437 [restartedMain] example.CategoryBatch.Config.Listener.ChunkCountingListener 処理終了件数:33
%2024/03/08 14:30:59.911 [restartedMain] example.CategoryBatch.Config.Listener.ChunkCountingListener 書き出し件数:340000
%2024/03/08 14:30:59.913 [restartedMain] example.CategoryBatch.Config.Listener.ChunkCountingListener 処理終了件数:34
%2024/03/08 14:31:00.205 [restartedMain] example.CategoryBatch.Config.Listener.ChunkCountingListener 書き出し件数:350000
%2024/03/08 14:31:00.206 [restartedMain] example.CategoryBatch.Config.Listener.ChunkCountingListener 処理終了件数:35
%2024/03/08 14:31:00.503 [restartedMain] example.CategoryBatch.Config.Listener.ChunkCountingListener 書き出し件数:360000
%2024/03/08 14:31:00.503 [restartedMain] example.CategoryBatch.Config.Listener.ChunkCountingListener 処理終了件数:36
%2024/03/08 14:31:00.764 [restartedMain] example.CategoryBatch.Config.Listener.ChunkCountingListener 書き出し件数:370000
%2024/03/08 14:31:00.765 [restartedMain] example.CategoryBatch.Config.Listener.ChunkCountingListener 処理終了件数:37
%2024/03/08 14:31:01.051 [restartedMain] example.CategoryBatch.Config.Listener.ChunkCountingListener 書き出し件数:380000
%2024/03/08 14:31:01.052 [restartedMain] example.CategoryBatch.Config.Listener.ChunkCountingListener 処理終了件数:38
%2024/03/08 14:31:01.349 [restartedMain] example.CategoryBatch.Config.Listener.ChunkCountingListener 書き出し件数:390000
%2024/03/08 14:31:01.355 [restartedMain] example.CategoryBatch.Config.Listener.ChunkCountingListener 処理終了件数:39
%2024/03/08 14:31:01.620 [restartedMain] example.CategoryBatch.Config.Listener.ChunkCountingListener 書き出し件数:400000
%2024/03/08 14:31:01.622 [restartedMain] example.CategoryBatch.Config.Listener.ChunkCountingListener 処理終了件数:40
%2024/03/08 14:31:02.221 [restartedMain] example.CategoryBatch.Config.Listener.ChunkCountingListener 書き出し件数:410000
%2024/03/08 14:31:02.223 [restartedMain] example.CategoryBatch.Config.Listener.ChunkCountingListener 処理終了件数:41
%2024/03/08 14:31:02.529 [restartedMain] example.CategoryBatch.Config.Listener.ChunkCountingListener 書き出し件数:420000
%2024/03/08 14:31:02.531 [restartedMain] example.CategoryBatch.Config.Listener.ChunkCountingListener 処理終了件数:42
%2024/03/08 14:31:02.789 [restartedMain] example.CategoryBatch.Config.Listener.ChunkCountingListener 書き出し件数:430000
%2024/03/08 14:31:02.790 [restartedMain] example.CategoryBatch.Config.Listener.ChunkCountingListener 処理終了件数:43
%2024/03/08 14:31:03.055 [restartedMain] example.CategoryBatch.Config.Listener.ChunkCountingListener 書き出し件数:440000
%2024/03/08 14:31:03.055 [restartedMain] example.CategoryBatch.Config.Listener.ChunkCountingListener 処理終了件数:44
%2024/03/08 14:31:03.317 [restartedMain] example.CategoryBatch.Config.Listener.ChunkCountingListener 書き出し件数:450000
%2024/03/08 14:31:03.318 [restartedMain] example.CategoryBatch.Config.Listener.ChunkCountingListener 処理終了件数:45
%2024/03/08 14:31:03.593 [restartedMain] example.CategoryBatch.Config.Listener.ChunkCountingListener 書き出し件数:460000
%2024/03/08 14:31:03.593 [restartedMain] example.CategoryBatch.Config.Listener.ChunkCountingListener 処理終了件数:46
%2024/03/08 14:31:03.894 [restartedMain] example.CategoryBatch.Config.Listener.ChunkCountingListener 書き出し件数:470000
%2024/03/08 14:31:03.894 [restartedMain] example.CategoryBatch.Config.Listener.ChunkCountingListener 処理終了件数:47
%2024/03/08 14:31:04.388 [restartedMain] example.CategoryBatch.Config.Listener.ChunkCountingListener 書き出し件数:480000
%2024/03/08 14:31:04.389 [restartedMain] example.CategoryBatch.Config.Listener.ChunkCountingListener 処理終了件数:48
%2024/03/08 14:31:04.662 [restartedMain] example.CategoryBatch.Config.Listener.ChunkCountingListener 書き出し件数:490000
%2024/03/08 14:31:04.662 [restartedMain] example.CategoryBatch.Config.Listener.ChunkCountingListener 処理終了件数:49
%2024/03/08 14:31:04.937 [restartedMain] example.CategoryBatch.Config.Listener.ChunkCountingListener 書き出し件数:500000
%2024/03/08 14:31:04.937 [restartedMain] example.CategoryBatch.Config.Listener.ChunkCountingListener 処理終了件数:50
%2024/03/08 14:31:05.194 [restartedMain] example.CategoryBatch.Config.Listener.ChunkCountingListener 書き出し件数:510000
%2024/03/08 14:31:05.195 [restartedMain] example.CategoryBatch.Config.Listener.ChunkCountingListener 処理終了件数:51
%2024/03/08 14:31:05.446 [restartedMain] example.CategoryBatch.Config.Listener.ChunkCountingListener 書き出し件数:520000
%2024/03/08 14:31:05.446 [restartedMain] example.CategoryBatch.Config.Listener.ChunkCountingListener 処理終了件数:52
%2024/03/08 14:31:05.702 [restartedMain] example.CategoryBatch.Config.Listener.ChunkCountingListener 書き出し件数:530000
%2024/03/08 14:31:05.703 [restartedMain] example.CategoryBatch.Config.Listener.ChunkCountingListener 処理終了件数:53
%2024/03/08 14:31:05.962 [restartedMain] example.CategoryBatch.Config.Listener.ChunkCountingListener 書き出し件数:540000
%2024/03/08 14:31:05.962 [restartedMain] example.CategoryBatch.Config.Listener.ChunkCountingListener 処理終了件数:54
%2024/03/08 14:31:06.490 [restartedMain] example.CategoryBatch.Config.Listener.ChunkCountingListener 書き出し件数:550000
%2024/03/08 14:31:06.490 [restartedMain] example.CategoryBatch.Config.Listener.ChunkCountingListener 処理終了件数:55
%2024/03/08 14:31:07.137 [restartedMain] example.CategoryBatch.Config.Listener.ChunkCountingListener 書き出し件数:560000
%2024/03/08 14:31:07.142 [restartedMain] example.CategoryBatch.Config.Listener.ChunkCountingListener 処理終了件数:56
%2024/03/08 14:31:07.409 [restartedMain] example.CategoryBatch.Config.Listener.ChunkCountingListener 書き出し件数:570000
%2024/03/08 14:31:07.410 [restartedMain] example.CategoryBatch.Config.Listener.ChunkCountingListener 処理終了件数:57
%2024/03/08 14:31:07.655 [restartedMain] example.CategoryBatch.Config.Listener.ChunkCountingListener 書き出し件数:580000
%2024/03/08 14:31:07.657 [restartedMain] example.CategoryBatch.Config.Listener.ChunkCountingListener 処理終了件数:58
%2024/03/08 14:31:07.921 [restartedMain] example.CategoryBatch.Config.Listener.ChunkCountingListener 書き出し件数:590000
%2024/03/08 14:31:07.921 [restartedMain] example.CategoryBatch.Config.Listener.ChunkCountingListener 処理終了件数:59
%2024/03/08 14:31:08.182 [restartedMain] example.CategoryBatch.Config.Listener.ChunkCountingListener 書き出し件数:600000
%2024/03/08 14:31:08.183 [restartedMain] example.CategoryBatch.Config.Listener.ChunkCountingListener 処理終了件数:60
%2024/03/08 14:31:08.487 [restartedMain] example.CategoryBatch.Config.Listener.ChunkCountingListener 書き出し件数:610000
%2024/03/08 14:31:08.487 [restartedMain] example.CategoryBatch.Config.Listener.ChunkCountingListener 処理終了件数:61
%2024/03/08 14:31:08.748 [restartedMain] example.CategoryBatch.Config.Listener.ChunkCountingListener 書き出し件数:620000
%2024/03/08 14:31:08.748 [restartedMain] example.CategoryBatch.Config.Listener.ChunkCountingListener 処理終了件数:62
%2024/03/08 14:31:09.169 [restartedMain] example.CategoryBatch.Config.Listener.ChunkCountingListener 書き出し件数:630000
%2024/03/08 14:31:09.170 [restartedMain] example.CategoryBatch.Config.Listener.ChunkCountingListener 処理終了件数:63
%2024/03/08 14:31:09.436 [restartedMain] example.CategoryBatch.Config.Listener.ChunkCountingListener 書き出し件数:640000
%2024/03/08 14:31:09.437 [restartedMain] example.CategoryBatch.Config.Listener.ChunkCountingListener 処理終了件数:64
%2024/03/08 14:31:09.722 [restartedMain] example.CategoryBatch.Config.Listener.ChunkCountingListener 書き出し件数:650000
%2024/03/08 14:31:09.722 [restartedMain] example.CategoryBatch.Config.Listener.ChunkCountingListener 処理終了件数:65
%2024/03/08 14:31:09.975 [restartedMain] example.CategoryBatch.Config.Listener.ChunkCountingListener 書き出し件数:660000
%2024/03/08 14:31:09.975 [restartedMain] example.CategoryBatch.Config.Listener.ChunkCountingListener 処理終了件数:66
%2024/03/08 14:31:10.226 [restartedMain] example.CategoryBatch.Config.Listener.ChunkCountingListener 書き出し件数:670000
%2024/03/08 14:31:10.226 [restartedMain] example.CategoryBatch.Config.Listener.ChunkCountingListener 処理終了件数:67
%2024/03/08 14:31:10.743 [restartedMain] example.CategoryBatch.Config.Listener.ChunkCountingListener 書き出し件数:680000
%2024/03/08 14:31:10.743 [restartedMain] example.CategoryBatch.Config.Listener.ChunkCountingListener 処理終了件数:68
%2024/03/08 14:31:11.031 [restartedMain] example.CategoryBatch.Config.Listener.ChunkCountingListener 書き出し件数:690000
%2024/03/08 14:31:11.031 [restartedMain] example.CategoryBatch.Config.Listener.ChunkCountingListener 処理終了件数:69
%2024/03/08 14:31:11.285 [restartedMain] example.CategoryBatch.Config.Listener.ChunkCountingListener 書き出し件数:700000
%2024/03/08 14:31:11.285 [restartedMain] example.CategoryBatch.Config.Listener.ChunkCountingListener 処理終了件数:70
%2024/03/08 14:31:11.558 [restartedMain] example.CategoryBatch.Config.Listener.ChunkCountingListener 書き出し件数:710000
%2024/03/08 14:31:11.559 [restartedMain] example.CategoryBatch.Config.Listener.ChunkCountingListener 処理終了件数:71
%2024/03/08 14:31:11.807 [restartedMain] example.CategoryBatch.Config.Listener.ChunkCountingListener 書き出し件数:720000
%2024/03/08 14:31:11.807 [restartedMain] example.CategoryBatch.Config.Listener.ChunkCountingListener 処理終了件数:72
%2024/03/08 14:31:12.060 [restartedMain] example.CategoryBatch.Config.Listener.ChunkCountingListener 書き出し件数:730000
%2024/03/08 14:31:12.060 [restartedMain] example.CategoryBatch.Config.Listener.ChunkCountingListener 処理終了件数:73
%2024/03/08 14:31:12.309 [restartedMain] example.CategoryBatch.Config.Listener.ChunkCountingListener 書き出し件数:740000
%2024/03/08 14:31:12.309 [restartedMain] example.CategoryBatch.Config.Listener.ChunkCountingListener 処理終了件数:74
%2024/03/08 14:31:12.557 [restartedMain] example.CategoryBatch.Config.Listener.ChunkCountingListener 書き出し件数:750000
%2024/03/08 14:31:12.558 [restartedMain] example.CategoryBatch.Config.Listener.ChunkCountingListener 処理終了件数:75
%2024/03/08 14:31:13.086 [restartedMain] example.CategoryBatch.Config.Listener.ChunkCountingListener 書き出し件数:760000
%2024/03/08 14:31:13.086 [restartedMain] example.CategoryBatch.Config.Listener.ChunkCountingListener 処理終了件数:76
%2024/03/08 14:31:13.342 [restartedMain] example.CategoryBatch.Config.Listener.ChunkCountingListener 書き出し件数:770000
%2024/03/08 14:31:13.342 [restartedMain] example.CategoryBatch.Config.Listener.ChunkCountingListener 処理終了件数:77
%2024/03/08 14:31:13.618 [restartedMain] example.CategoryBatch.Config.Listener.ChunkCountingListener 書き出し件数:780000
%2024/03/08 14:31:13.618 [restartedMain] example.CategoryBatch.Config.Listener.ChunkCountingListener 処理終了件数:78
%2024/03/08 14:31:13.894 [restartedMain] example.CategoryBatch.Config.Listener.ChunkCountingListener 書き出し件数:790000
%2024/03/08 14:31:13.894 [restartedMain] example.CategoryBatch.Config.Listener.ChunkCountingListener 処理終了件数:79
%2024/03/08 14:31:14.148 [restartedMain] example.CategoryBatch.Config.Listener.ChunkCountingListener 書き出し件数:800000
%2024/03/08 14:31:14.149 [restartedMain] example.CategoryBatch.Config.Listener.ChunkCountingListener 処理終了件数:80
%2024/03/08 14:31:14.401 [restartedMain] example.CategoryBatch.Config.Listener.ChunkCountingListener 書き出し件数:810000
%2024/03/08 14:31:14.401 [restartedMain] example.CategoryBatch.Config.Listener.ChunkCountingListener 処理終了件数:81
%2024/03/08 14:31:14.665 [restartedMain] example.CategoryBatch.Config.Listener.ChunkCountingListener 書き出し件数:820000
%2024/03/08 14:31:14.666 [restartedMain] example.CategoryBatch.Config.Listener.ChunkCountingListener 処理終了件数:82
%2024/03/08 14:31:14.993 [restartedMain] example.CategoryBatch.Config.Listener.ChunkCountingListener 書き出し件数:830000
%2024/03/08 14:31:14.994 [restartedMain] example.CategoryBatch.Config.Listener.ChunkCountingListener 処理終了件数:83
%2024/03/08 14:31:15.275 [restartedMain] example.CategoryBatch.Config.Listener.ChunkCountingListener 書き出し件数:840000
%2024/03/08 14:31:15.275 [restartedMain] example.CategoryBatch.Config.Listener.ChunkCountingListener 処理終了件数:84
%2024/03/08 14:31:15.713 [restartedMain] example.CategoryBatch.Config.Listener.ChunkCountingListener 書き出し件数:850000
%2024/03/08 14:31:15.714 [restartedMain] example.CategoryBatch.Config.Listener.ChunkCountingListener 処理終了件数:85
%2024/03/08 14:31:15.987 [restartedMain] example.CategoryBatch.Config.Listener.ChunkCountingListener 書き出し件数:860000
%2024/03/08 14:31:15.987 [restartedMain] example.CategoryBatch.Config.Listener.ChunkCountingListener 処理終了件数:86
%2024/03/08 14:31:16.262 [restartedMain] example.CategoryBatch.Config.Listener.ChunkCountingListener 書き出し件数:870000
%2024/03/08 14:31:16.262 [restartedMain] example.CategoryBatch.Config.Listener.ChunkCountingListener 処理終了件数:87
%2024/03/08 14:31:16.528 [restartedMain] example.CategoryBatch.Config.Listener.ChunkCountingListener 書き出し件数:880000
%2024/03/08 14:31:16.528 [restartedMain] example.CategoryBatch.Config.Listener.ChunkCountingListener 処理終了件数:88
%2024/03/08 14:31:16.973 [restartedMain] example.CategoryBatch.Config.Listener.ChunkCountingListener 書き出し件数:890000
%2024/03/08 14:31:16.977 [restartedMain] example.CategoryBatch.Config.Listener.ChunkCountingListener 処理終了件数:89
%2024/03/08 14:31:17.284 [restartedMain] example.CategoryBatch.Config.Listener.ChunkCountingListener 書き出し件数:900000
%2024/03/08 14:31:17.284 [restartedMain] example.CategoryBatch.Config.Listener.ChunkCountingListener 処理終了件数:90
%2024/03/08 14:31:17.918 [restartedMain] example.CategoryBatch.Config.Listener.ChunkCountingListener 書き出し件数:910000
%2024/03/08 14:31:17.918 [restartedMain] example.CategoryBatch.Config.Listener.ChunkCountingListener 処理終了件数:91
%2024/03/08 14:31:18.160 [restartedMain] example.CategoryBatch.Config.Listener.ChunkCountingListener 書き出し件数:920000
%2024/03/08 14:31:18.161 [restartedMain] example.CategoryBatch.Config.Listener.ChunkCountingListener 処理終了件数:92
%2024/03/08 14:31:18.438 [restartedMain] example.CategoryBatch.Config.Listener.ChunkCountingListener 書き出し件数:930000
%2024/03/08 14:31:18.438 [restartedMain] example.CategoryBatch.Config.Listener.ChunkCountingListener 処理終了件数:93
%2024/03/08 14:31:18.707 [restartedMain] example.CategoryBatch.Config.Listener.ChunkCountingListener 書き出し件数:940000
%2024/03/08 14:31:18.707 [restartedMain] example.CategoryBatch.Config.Listener.ChunkCountingListener 処理終了件数:94
%2024/03/08 14:31:19.042 [restartedMain] example.CategoryBatch.Config.Listener.ChunkCountingListener 書き出し件数:950000
%2024/03/08 14:31:19.043 [restartedMain] example.CategoryBatch.Config.Listener.ChunkCountingListener 処理終了件数:95
%2024/03/08 14:31:19.334 [restartedMain] example.CategoryBatch.Config.Listener.ChunkCountingListener 書き出し件数:960000
%2024/03/08 14:31:19.334 [restartedMain] example.CategoryBatch.Config.Listener.ChunkCountingListener 処理終了件数:96
%2024/03/08 14:31:19.599 [restartedMain] example.CategoryBatch.Config.Listener.ChunkCountingListener 書き出し件数:970000
%2024/03/08 14:31:19.599 [restartedMain] example.CategoryBatch.Config.Listener.ChunkCountingListener 処理終了件数:97
%2024/03/08 14:31:19.853 [restartedMain] example.CategoryBatch.Config.Listener.ChunkCountingListener 書き出し件数:980000
%2024/03/08 14:31:19.854 [restartedMain] example.CategoryBatch.Config.Listener.ChunkCountingListener 処理終了件数:98
%2024/03/08 14:31:20.095 [restartedMain] example.CategoryBatch.Config.Listener.ChunkCountingListener 書き出し件数:990000
%2024/03/08 14:31:20.095 [restartedMain] example.CategoryBatch.Config.Listener.ChunkCountingListener 処理終了件数:99
%2024/03/08 14:31:20.333 [restartedMain] example.CategoryBatch.Config.Listener.ChunkCountingListener 書き出し件数:1000000
%2024/03/08 14:31:20.333 [restartedMain] example.CategoryBatch.Config.Listener.ChunkCountingListener 処理終了件数:100
%2024/03/08 14:31:20.574 [restartedMain] example.CategoryBatch.Config.Listener.ChunkCountingListener 書き出し件数:1010000
%2024/03/08 14:31:20.574 [restartedMain] example.CategoryBatch.Config.Listener.ChunkCountingListener 処理終了件数:101
%2024/03/08 14:31:20.806 [restartedMain] example.CategoryBatch.Config.Listener.ChunkCountingListener 書き出し件数:1020000
%2024/03/08 14:31:20.807 [restartedMain] example.CategoryBatch.Config.Listener.ChunkCountingListener 処理終了件数:102
%2024/03/08 14:31:21.032 [restartedMain] example.CategoryBatch.Config.Listener.ChunkCountingListener 書き出し件数:1030000
%2024/03/08 14:31:21.032 [restartedMain] example.CategoryBatch.Config.Listener.ChunkCountingListener 処理終了件数:103
%2024/03/08 14:31:21.279 [restartedMain] example.CategoryBatch.Config.Listener.ChunkCountingListener 書き出し件数:1040000
%2024/03/08 14:31:21.280 [restartedMain] example.CategoryBatch.Config.Listener.ChunkCountingListener 処理終了件数:104
%2024/03/08 14:31:21.685 [restartedMain] example.CategoryBatch.Config.Listener.ChunkCountingListener 書き出し件数:1050000
%2024/03/08 14:31:21.687 [restartedMain] example.CategoryBatch.Config.Listener.ChunkCountingListener 処理終了件数:105
%2024/03/08 14:31:21.936 [restartedMain] example.CategoryBatch.Config.Listener.ChunkCountingListener 書き出し件数:1060000
%2024/03/08 14:31:21.936 [restartedMain] example.CategoryBatch.Config.Listener.ChunkCountingListener 処理終了件数:106
%2024/03/08 14:31:22.185 [restartedMain] example.CategoryBatch.Config.Listener.ChunkCountingListener 書き出し件数:1070000
%2024/03/08 14:31:22.185 [restartedMain] example.CategoryBatch.Config.Listener.ChunkCountingListener 処理終了件数:107
%2024/03/08 14:31:22.437 [restartedMain] example.CategoryBatch.Config.Listener.ChunkCountingListener 書き出し件数:1080000
%2024/03/08 14:31:22.437 [restartedMain] example.CategoryBatch.Config.Listener.ChunkCountingListener 処理終了件数:108
%2024/03/08 14:31:22.696 [restartedMain] example.CategoryBatch.Config.Listener.ChunkCountingListener 書き出し件数:1090000
%2024/03/08 14:31:22.696 [restartedMain] example.CategoryBatch.Config.Listener.ChunkCountingListener 処理終了件数:109
%2024/03/08 14:31:22.955 [restartedMain] example.CategoryBatch.Config.Listener.ChunkCountingListener 書き出し件数:1100000
%2024/03/08 14:31:22.958 [restartedMain] example.CategoryBatch.Config.Listener.ChunkCountingListener 処理終了件数:110
%2024/03/08 14:31:23.201 [restartedMain] example.CategoryBatch.Config.Listener.ChunkCountingListener 書き出し件数:1110000
%2024/03/08 14:31:23.201 [restartedMain] example.CategoryBatch.Config.Listener.ChunkCountingListener 処理終了件数:111
%2024/03/08 14:31:23.559 [restartedMain] example.CategoryBatch.Config.Listener.ChunkCountingListener 書き出し件数:1120000
%2024/03/08 14:31:23.560 [restartedMain] example.CategoryBatch.Config.Listener.ChunkCountingListener 処理終了件数:112
%2024/03/08 14:31:23.804 [restartedMain] example.CategoryBatch.Config.Listener.ChunkCountingListener 書き出し件数:1130000
%2024/03/08 14:31:23.804 [restartedMain] example.CategoryBatch.Config.Listener.ChunkCountingListener 処理終了件数:113
%2024/03/08 14:31:24.063 [restartedMain] example.CategoryBatch.Config.Listener.ChunkCountingListener 書き出し件数:1140000
%2024/03/08 14:31:24.064 [restartedMain] example.CategoryBatch.Config.Listener.ChunkCountingListener 処理終了件数:114
%2024/03/08 14:31:24.330 [restartedMain] example.CategoryBatch.Config.Listener.ChunkCountingListener 書き出し件数:1150000
%2024/03/08 14:31:24.331 [restartedMain] example.CategoryBatch.Config.Listener.ChunkCountingListener 処理終了件数:115
%2024/03/08 14:31:24.581 [restartedMain] example.CategoryBatch.Config.Listener.ChunkCountingListener 書き出し件数:1160000
%2024/03/08 14:31:24.582 [restartedMain] example.CategoryBatch.Config.Listener.ChunkCountingListener 処理終了件数:116
%2024/03/08 14:31:24.836 [restartedMain] example.CategoryBatch.Config.Listener.ChunkCountingListener 書き出し件数:1170000
%2024/03/08 14:31:24.836 [restartedMain] example.CategoryBatch.Config.Listener.ChunkCountingListener 処理終了件数:117
%2024/03/08 14:31:25.328 [restartedMain] example.CategoryBatch.Config.Listener.ChunkCountingListener 書き出し件数:1180000
%2024/03/08 14:31:25.329 [restartedMain] example.CategoryBatch.Config.Listener.ChunkCountingListener 処理終了件数:118
%2024/03/08 14:31:25.609 [restartedMain] example.CategoryBatch.Config.Listener.ChunkCountingListener 書き出し件数:1190000
%2024/03/08 14:31:25.611 [restartedMain] example.CategoryBatch.Config.Listener.ChunkCountingListener 処理終了件数:119
%2024/03/08 14:31:26.039 [restartedMain] example.CategoryBatch.Config.Listener.ChunkCountingListener 書き出し件数:1200000
%2024/03/08 14:31:26.040 [restartedMain] example.CategoryBatch.Config.Listener.ChunkCountingListener 処理終了件数:120
%2024/03/08 14:31:26.296 [restartedMain] example.CategoryBatch.Config.Listener.ChunkCountingListener 書き出し件数:1210000
%2024/03/08 14:31:26.297 [restartedMain] example.CategoryBatch.Config.Listener.ChunkCountingListener 処理終了件数:121
%2024/03/08 14:31:26.539 [restartedMain] example.CategoryBatch.Config.Listener.ChunkCountingListener 書き出し件数:1220000
%2024/03/08 14:31:26.539 [restartedMain] example.CategoryBatch.Config.Listener.ChunkCountingListener 処理終了件数:122
%2024/03/08 14:31:26.817 [restartedMain] example.CategoryBatch.Config.Listener.ChunkCountingListener 書き出し件数:1230000
%2024/03/08 14:31:26.818 [restartedMain] example.CategoryBatch.Config.Listener.ChunkCountingListener 処理終了件数:123
%2024/03/08 14:31:27.120 [restartedMain] example.CategoryBatch.Config.Listener.ChunkCountingListener 書き出し件数:1240000
%2024/03/08 14:31:27.124 [restartedMain] example.CategoryBatch.Config.Listener.ChunkCountingListener 処理終了件数:124
%2024/03/08 14:31:27.362 [restartedMain] example.CategoryBatch.Config.Listener.ChunkCountingListener 書き出し件数:1250000
%2024/03/08 14:31:27.363 [restartedMain] example.CategoryBatch.Config.Listener.ChunkCountingListener 処理終了件数:125
%2024/03/08 14:31:27.805 [restartedMain] example.CategoryBatch.Config.Listener.ChunkCountingListener 書き出し件数:1260000
%2024/03/08 14:31:27.805 [restartedMain] example.CategoryBatch.Config.Listener.ChunkCountingListener 処理終了件数:126
%2024/03/08 14:31:28.044 [restartedMain] example.CategoryBatch.Config.Listener.ChunkCountingListener 書き出し件数:1270000
%2024/03/08 14:31:28.044 [restartedMain] example.CategoryBatch.Config.Listener.ChunkCountingListener 処理終了件数:127
%2024/03/08 14:31:28.283 [restartedMain] example.CategoryBatch.Config.Listener.ChunkCountingListener 書き出し件数:1280000
%2024/03/08 14:31:28.283 [restartedMain] example.CategoryBatch.Config.Listener.ChunkCountingListener 処理終了件数:128
%2024/03/08 14:31:28.530 [restartedMain] example.CategoryBatch.Config.Listener.ChunkCountingListener 書き出し件数:1290000
%2024/03/08 14:31:28.530 [restartedMain] example.CategoryBatch.Config.Listener.ChunkCountingListener 処理終了件数:129
%2024/03/08 14:31:28.768 [restartedMain] example.CategoryBatch.Config.Listener.ChunkCountingListener 書き出し件数:1300000
%2024/03/08 14:31:28.769 [restartedMain] example.CategoryBatch.Config.Listener.ChunkCountingListener 処理終了件数:130
%2024/03/08 14:31:29.153 [restartedMain] example.CategoryBatch.Config.Listener.ChunkCountingListener 書き出し件数:1310000
%2024/03/08 14:31:29.153 [restartedMain] example.CategoryBatch.Config.Listener.ChunkCountingListener 処理終了件数:131
%2024/03/08 14:31:29.396 [restartedMain] example.CategoryBatch.Config.Listener.ChunkCountingListener 書き出し件数:1320000
%2024/03/08 14:31:29.396 [restartedMain] example.CategoryBatch.Config.Listener.ChunkCountingListener 処理終了件数:132
%2024/03/08 14:31:29.645 [restartedMain] example.CategoryBatch.Config.Listener.ChunkCountingListener 書き出し件数:1330000
%2024/03/08 14:31:29.646 [restartedMain] example.CategoryBatch.Config.Listener.ChunkCountingListener 処理終了件数:133
%2024/03/08 14:31:29.892 [restartedMain] example.CategoryBatch.Config.Listener.ChunkCountingListener 書き出し件数:1340000
%2024/03/08 14:31:29.892 [restartedMain] example.CategoryBatch.Config.Listener.ChunkCountingListener 処理終了件数:134
%2024/03/08 14:31:30.135 [restartedMain] example.CategoryBatch.Config.Listener.ChunkCountingListener 書き出し件数:1350000
%2024/03/08 14:31:30.135 [restartedMain] example.CategoryBatch.Config.Listener.ChunkCountingListener 処理終了件数:135
%2024/03/08 14:31:30.386 [restartedMain] example.CategoryBatch.Config.Listener.ChunkCountingListener 書き出し件数:1360000
%2024/03/08 14:31:30.386 [restartedMain] example.CategoryBatch.Config.Listener.ChunkCountingListener 処理終了件数:136
%2024/03/08 14:31:30.755 [restartedMain] example.CategoryBatch.Config.Listener.ChunkCountingListener 書き出し件数:1370000
%2024/03/08 14:31:30.761 [restartedMain] example.CategoryBatch.Config.Listener.ChunkCountingListener 処理終了件数:137
%2024/03/08 14:31:30.989 [restartedMain] example.CategoryBatch.Config.Listener.ChunkCountingListener 書き出し件数:1380000
%2024/03/08 14:31:30.989 [restartedMain] example.CategoryBatch.Config.Listener.ChunkCountingListener 処理終了件数:138
%2024/03/08 14:31:31.217 [restartedMain] example.CategoryBatch.Config.Listener.ChunkCountingListener 書き出し件数:1390000
%2024/03/08 14:31:31.217 [restartedMain] example.CategoryBatch.Config.Listener.ChunkCountingListener 処理終了件数:139
%2024/03/08 14:31:31.457 [restartedMain] example.CategoryBatch.Config.Listener.ChunkCountingListener 書き出し件数:1400000
%2024/03/08 14:31:31.457 [restartedMain] example.CategoryBatch.Config.Listener.ChunkCountingListener 処理終了件数:140
%2024/03/08 14:31:31.704 [restartedMain] example.CategoryBatch.Config.Listener.ChunkCountingListener 書き出し件数:1410000
%2024/03/08 14:31:31.704 [restartedMain] example.CategoryBatch.Config.Listener.ChunkCountingListener 処理終了件数:141
%2024/03/08 14:31:31.940 [restartedMain] example.CategoryBatch.Config.Listener.ChunkCountingListener 書き出し件数:1420000
%2024/03/08 14:31:31.940 [restartedMain] example.CategoryBatch.Config.Listener.ChunkCountingListener 処理終了件数:142
%2024/03/08 14:31:32.323 [restartedMain] example.CategoryBatch.Config.Listener.ChunkCountingListener 書き出し件数:1430000
%2024/03/08 14:31:32.326 [restartedMain] example.CategoryBatch.Config.Listener.ChunkCountingListener 処理終了件数:143
%2024/03/08 14:31:32.569 [restartedMain] example.CategoryBatch.Config.Listener.ChunkCountingListener 書き出し件数:1440000
%2024/03/08 14:31:32.571 [restartedMain] example.CategoryBatch.Config.Listener.ChunkCountingListener 処理終了件数:144
%2024/03/08 14:31:32.832 [restartedMain] example.CategoryBatch.Config.Listener.ChunkCountingListener 書き出し件数:1450000
%2024/03/08 14:31:32.833 [restartedMain] example.CategoryBatch.Config.Listener.ChunkCountingListener 処理終了件数:145
%2024/03/08 14:31:33.090 [restartedMain] example.CategoryBatch.Config.Listener.ChunkCountingListener 書き出し件数:1460000
%2024/03/08 14:31:33.090 [restartedMain] example.CategoryBatch.Config.Listener.ChunkCountingListener 処理終了件数:146
%2024/03/08 14:31:33.328 [restartedMain] example.CategoryBatch.Config.Listener.ChunkCountingListener 書き出し件数:1470000
%2024/03/08 14:31:33.328 [restartedMain] example.CategoryBatch.Config.Listener.ChunkCountingListener 処理終了件数:147
%2024/03/08 14:31:33.756 [restartedMain] example.CategoryBatch.Config.Listener.ChunkCountingListener 書き出し件数:1480000
%2024/03/08 14:31:33.756 [restartedMain] example.CategoryBatch.Config.Listener.ChunkCountingListener 処理終了件数:148
%2024/03/08 14:31:33.822 [restartedMain] example.CategoryBatch.Config.Listener.ChunkCountingListener 書き出し件数:1482535
%2024/03/08 14:31:33.822 [restartedMain] example.CategoryBatch.Config.Listener.ChunkCountingListener 処理終了件数:149
%2024/03/08 14:38:21.918 [restartedMain] example.CategoryBatch.Config.Listener.ChunkCountingListener 書き出し件数:10000
%2024/03/08 14:38:21.920 [restartedMain] example.CategoryBatch.Config.Listener.ChunkCountingListener 処理終了件数:1
%2024/03/08 14:38:22.423 [restartedMain] example.CategoryBatch.Config.Listener.ChunkCountingListener 書き出し件数:20000
%2024/03/08 14:38:22.424 [restartedMain] example.CategoryBatch.Config.Listener.ChunkCountingListener 処理終了件数:2
%2024/03/08 14:38:23.032 [restartedMain] example.CategoryBatch.Config.Listener.ChunkCountingListener 書き出し件数:30000
%2024/03/08 14:38:23.032 [restartedMain] example.CategoryBatch.Config.Listener.ChunkCountingListener 処理終了件数:3
%2024/03/08 14:38:23.348 [restartedMain] example.CategoryBatch.Config.Listener.ChunkCountingListener 書き出し件数:40000
%2024/03/08 14:38:23.349 [restartedMain] example.CategoryBatch.Config.Listener.ChunkCountingListener 処理終了件数:4
%2024/03/08 14:38:23.661 [restartedMain] example.CategoryBatch.Config.Listener.ChunkCountingListener 書き出し件数:50000
%2024/03/08 14:38:23.661 [restartedMain] example.CategoryBatch.Config.Listener.ChunkCountingListener 処理終了件数:5
%2024/03/08 14:38:24.037 [restartedMain] example.CategoryBatch.Config.Listener.ChunkCountingListener 書き出し件数:60000
%2024/03/08 14:38:24.038 [restartedMain] example.CategoryBatch.Config.Listener.ChunkCountingListener 処理終了件数:6
%2024/03/08 14:38:24.462 [restartedMain] example.CategoryBatch.Config.Listener.ChunkCountingListener 書き出し件数:70000
%2024/03/08 14:38:24.465 [restartedMain] example.CategoryBatch.Config.Listener.ChunkCountingListener 処理終了件数:7
%2024/03/08 14:38:24.766 [restartedMain] example.CategoryBatch.Config.Listener.ChunkCountingListener 書き出し件数:80000
%2024/03/08 14:38:24.766 [restartedMain] example.CategoryBatch.Config.Listener.ChunkCountingListener 処理終了件数:8
%2024/03/08 14:38:25.019 [restartedMain] example.CategoryBatch.Config.Listener.ChunkCountingListener 書き出し件数:90000
%2024/03/08 14:38:25.023 [restartedMain] example.CategoryBatch.Config.Listener.ChunkCountingListener 処理終了件数:9
%2024/03/08 14:38:25.338 [restartedMain] example.CategoryBatch.Config.Listener.ChunkCountingListener 書き出し件数:100000
%2024/03/08 14:38:25.340 [restartedMain] example.CategoryBatch.Config.Listener.ChunkCountingListener 処理終了件数:10
%2024/03/08 14:38:25.611 [restartedMain] example.CategoryBatch.Config.Listener.ChunkCountingListener 書き出し件数:110000
%2024/03/08 14:38:25.612 [restartedMain] example.CategoryBatch.Config.Listener.ChunkCountingListener 処理終了件数:11
%2024/03/08 14:38:25.863 [restartedMain] example.CategoryBatch.Config.Listener.ChunkCountingListener 書き出し件数:120000
%2024/03/08 14:38:25.867 [restartedMain] example.CategoryBatch.Config.Listener.ChunkCountingListener 処理終了件数:12
%2024/03/08 14:38:26.116 [restartedMain] example.CategoryBatch.Config.Listener.ChunkCountingListener 書き出し件数:130000
%2024/03/08 14:38:26.117 [restartedMain] example.CategoryBatch.Config.Listener.ChunkCountingListener 処理終了件数:13
%2024/03/08 14:38:26.358 [restartedMain] example.CategoryBatch.Config.Listener.ChunkCountingListener 書き出し件数:140000
%2024/03/08 14:38:26.358 [restartedMain] example.CategoryBatch.Config.Listener.ChunkCountingListener 処理終了件数:14
%2024/03/08 14:38:26.647 [restartedMain] example.CategoryBatch.Config.Listener.ChunkCountingListener 書き出し件数:150000
%2024/03/08 14:38:26.651 [restartedMain] example.CategoryBatch.Config.Listener.ChunkCountingListener 処理終了件数:15
%2024/03/08 14:38:26.912 [restartedMain] example.CategoryBatch.Config.Listener.ChunkCountingListener 書き出し件数:160000
%2024/03/08 14:38:26.913 [restartedMain] example.CategoryBatch.Config.Listener.ChunkCountingListener 処理終了件数:16
%2024/03/08 14:38:27.150 [restartedMain] example.CategoryBatch.Config.Listener.ChunkCountingListener 書き出し件数:170000
%2024/03/08 14:38:27.151 [restartedMain] example.CategoryBatch.Config.Listener.ChunkCountingListener 処理終了件数:17
%2024/03/08 14:38:27.389 [restartedMain] example.CategoryBatch.Config.Listener.ChunkCountingListener 書き出し件数:180000
%2024/03/08 14:38:27.389 [restartedMain] example.CategoryBatch.Config.Listener.ChunkCountingListener 処理終了件数:18
%2024/03/08 14:38:27.643 [restartedMain] example.CategoryBatch.Config.Listener.ChunkCountingListener 書き出し件数:190000
%2024/03/08 14:38:27.648 [restartedMain] example.CategoryBatch.Config.Listener.ChunkCountingListener 処理終了件数:19
%2024/03/08 14:38:27.896 [restartedMain] example.CategoryBatch.Config.Listener.ChunkCountingListener 書き出し件数:200000
%2024/03/08 14:38:27.896 [restartedMain] example.CategoryBatch.Config.Listener.ChunkCountingListener 処理終了件数:20
%2024/03/08 14:38:28.128 [restartedMain] example.CategoryBatch.Config.Listener.ChunkCountingListener 書き出し件数:210000
%2024/03/08 14:38:28.128 [restartedMain] example.CategoryBatch.Config.Listener.ChunkCountingListener 処理終了件数:21
%2024/03/08 14:38:28.370 [restartedMain] example.CategoryBatch.Config.Listener.ChunkCountingListener 書き出し件数:220000
%2024/03/08 14:38:28.370 [restartedMain] example.CategoryBatch.Config.Listener.ChunkCountingListener 処理終了件数:22
%2024/03/08 14:38:28.597 [restartedMain] example.CategoryBatch.Config.Listener.ChunkCountingListener 書き出し件数:230000
%2024/03/08 14:38:28.598 [restartedMain] example.CategoryBatch.Config.Listener.ChunkCountingListener 処理終了件数:23
%2024/03/08 14:38:28.832 [restartedMain] example.CategoryBatch.Config.Listener.ChunkCountingListener 書き出し件数:240000
%2024/03/08 14:38:28.833 [restartedMain] example.CategoryBatch.Config.Listener.ChunkCountingListener 処理終了件数:24
%2024/03/08 14:38:29.067 [restartedMain] example.CategoryBatch.Config.Listener.ChunkCountingListener 書き出し件数:250000
%2024/03/08 14:38:29.068 [restartedMain] example.CategoryBatch.Config.Listener.ChunkCountingListener 処理終了件数:25
%2024/03/08 14:38:29.365 [restartedMain] example.CategoryBatch.Config.Listener.ChunkCountingListener 書き出し件数:260000
%2024/03/08 14:38:29.370 [restartedMain] example.CategoryBatch.Config.Listener.ChunkCountingListener 処理終了件数:26
%2024/03/08 14:38:29.603 [restartedMain] example.CategoryBatch.Config.Listener.ChunkCountingListener 書き出し件数:270000
%2024/03/08 14:38:29.603 [restartedMain] example.CategoryBatch.Config.Listener.ChunkCountingListener 処理終了件数:27
%2024/03/08 14:38:29.831 [restartedMain] example.CategoryBatch.Config.Listener.ChunkCountingListener 書き出し件数:280000
%2024/03/08 14:38:29.832 [restartedMain] example.CategoryBatch.Config.Listener.ChunkCountingListener 処理終了件数:28
%2024/03/08 14:38:30.063 [restartedMain] example.CategoryBatch.Config.Listener.ChunkCountingListener 書き出し件数:290000
%2024/03/08 14:38:30.064 [restartedMain] example.CategoryBatch.Config.Listener.ChunkCountingListener 処理終了件数:29
%2024/03/08 14:38:30.295 [restartedMain] example.CategoryBatch.Config.Listener.ChunkCountingListener 書き出し件数:300000
%2024/03/08 14:38:30.295 [restartedMain] example.CategoryBatch.Config.Listener.ChunkCountingListener 処理終了件数:30
%2024/03/08 14:38:30.611 [restartedMain] example.CategoryBatch.Config.Listener.ChunkCountingListener 書き出し件数:310000
%2024/03/08 14:38:30.612 [restartedMain] example.CategoryBatch.Config.Listener.ChunkCountingListener 処理終了件数:31
%2024/03/08 14:38:30.886 [restartedMain] example.CategoryBatch.Config.Listener.ChunkCountingListener 書き出し件数:320000
%2024/03/08 14:38:30.888 [restartedMain] example.CategoryBatch.Config.Listener.ChunkCountingListener 処理終了件数:32
%2024/03/08 14:38:31.150 [restartedMain] example.CategoryBatch.Config.Listener.ChunkCountingListener 書き出し件数:330000
%2024/03/08 14:38:31.151 [restartedMain] example.CategoryBatch.Config.Listener.ChunkCountingListener 処理終了件数:33
%2024/03/08 14:38:31.413 [restartedMain] example.CategoryBatch.Config.Listener.ChunkCountingListener 書き出し件数:340000
%2024/03/08 14:38:31.415 [restartedMain] example.CategoryBatch.Config.Listener.ChunkCountingListener 処理終了件数:34
%2024/03/08 14:38:31.672 [restartedMain] example.CategoryBatch.Config.Listener.ChunkCountingListener 書き出し件数:350000
%2024/03/08 14:38:31.672 [restartedMain] example.CategoryBatch.Config.Listener.ChunkCountingListener 処理終了件数:35
%2024/03/08 14:38:31.923 [restartedMain] example.CategoryBatch.Config.Listener.ChunkCountingListener 書き出し件数:360000
%2024/03/08 14:38:31.923 [restartedMain] example.CategoryBatch.Config.Listener.ChunkCountingListener 処理終了件数:36
%2024/03/08 14:38:32.171 [restartedMain] example.CategoryBatch.Config.Listener.ChunkCountingListener 書き出し件数:370000
%2024/03/08 14:38:32.171 [restartedMain] example.CategoryBatch.Config.Listener.ChunkCountingListener 処理終了件数:37
%2024/03/08 14:38:32.401 [restartedMain] example.CategoryBatch.Config.Listener.ChunkCountingListener 書き出し件数:380000
%2024/03/08 14:38:32.401 [restartedMain] example.CategoryBatch.Config.Listener.ChunkCountingListener 処理終了件数:38
%2024/03/08 14:38:32.632 [restartedMain] example.CategoryBatch.Config.Listener.ChunkCountingListener 書き出し件数:390000
%2024/03/08 14:38:32.633 [restartedMain] example.CategoryBatch.Config.Listener.ChunkCountingListener 処理終了件数:39
%2024/03/08 14:38:32.862 [restartedMain] example.CategoryBatch.Config.Listener.ChunkCountingListener 書き出し件数:400000
%2024/03/08 14:38:32.863 [restartedMain] example.CategoryBatch.Config.Listener.ChunkCountingListener 処理終了件数:40
%2024/03/08 14:38:33.094 [restartedMain] example.CategoryBatch.Config.Listener.ChunkCountingListener 書き出し件数:410000
%2024/03/08 14:38:33.098 [restartedMain] example.CategoryBatch.Config.Listener.ChunkCountingListener 処理終了件数:41
%2024/03/08 14:38:33.331 [restartedMain] example.CategoryBatch.Config.Listener.ChunkCountingListener 書き出し件数:420000
%2024/03/08 14:38:33.331 [restartedMain] example.CategoryBatch.Config.Listener.ChunkCountingListener 処理終了件数:42
%2024/03/08 14:38:33.572 [restartedMain] example.CategoryBatch.Config.Listener.ChunkCountingListener 書き出し件数:430000
%2024/03/08 14:38:33.573 [restartedMain] example.CategoryBatch.Config.Listener.ChunkCountingListener 処理終了件数:43
%2024/03/08 14:38:33.815 [restartedMain] example.CategoryBatch.Config.Listener.ChunkCountingListener 書き出し件数:440000
%2024/03/08 14:38:33.815 [restartedMain] example.CategoryBatch.Config.Listener.ChunkCountingListener 処理終了件数:44
%2024/03/08 14:38:34.046 [restartedMain] example.CategoryBatch.Config.Listener.ChunkCountingListener 書き出し件数:450000
%2024/03/08 14:38:34.047 [restartedMain] example.CategoryBatch.Config.Listener.ChunkCountingListener 処理終了件数:45
%2024/03/08 14:38:34.281 [restartedMain] example.CategoryBatch.Config.Listener.ChunkCountingListener 書き出し件数:460000
%2024/03/08 14:38:34.281 [restartedMain] example.CategoryBatch.Config.Listener.ChunkCountingListener 処理終了件数:46
%2024/03/08 14:38:34.520 [restartedMain] example.CategoryBatch.Config.Listener.ChunkCountingListener 書き出し件数:470000
%2024/03/08 14:38:34.521 [restartedMain] example.CategoryBatch.Config.Listener.ChunkCountingListener 処理終了件数:47
%2024/03/08 14:38:34.818 [restartedMain] example.CategoryBatch.Config.Listener.ChunkCountingListener 書き出し件数:480000
%2024/03/08 14:38:34.818 [restartedMain] example.CategoryBatch.Config.Listener.ChunkCountingListener 処理終了件数:48
%2024/03/08 14:38:35.113 [restartedMain] example.CategoryBatch.Config.Listener.ChunkCountingListener 書き出し件数:490000
%2024/03/08 14:38:35.113 [restartedMain] example.CategoryBatch.Config.Listener.ChunkCountingListener 処理終了件数:49
%2024/03/08 14:38:35.355 [restartedMain] example.CategoryBatch.Config.Listener.ChunkCountingListener 書き出し件数:500000
%2024/03/08 14:38:35.355 [restartedMain] example.CategoryBatch.Config.Listener.ChunkCountingListener 処理終了件数:50
%2024/03/08 14:38:35.604 [restartedMain] example.CategoryBatch.Config.Listener.ChunkCountingListener 書き出し件数:510000
%2024/03/08 14:38:35.605 [restartedMain] example.CategoryBatch.Config.Listener.ChunkCountingListener 処理終了件数:51
%2024/03/08 14:38:36.015 [restartedMain] example.CategoryBatch.Config.Listener.ChunkCountingListener 書き出し件数:520000
%2024/03/08 14:38:36.020 [restartedMain] example.CategoryBatch.Config.Listener.ChunkCountingListener 処理終了件数:52
%2024/03/08 14:38:36.500 [restartedMain] example.CategoryBatch.Config.Listener.ChunkCountingListener 書き出し件数:530000
%2024/03/08 14:38:36.503 [restartedMain] example.CategoryBatch.Config.Listener.ChunkCountingListener 処理終了件数:53
%2024/03/08 14:38:36.783 [restartedMain] example.CategoryBatch.Config.Listener.ChunkCountingListener 書き出し件数:540000
%2024/03/08 14:38:36.783 [restartedMain] example.CategoryBatch.Config.Listener.ChunkCountingListener 処理終了件数:54
%2024/03/08 14:38:37.053 [restartedMain] example.CategoryBatch.Config.Listener.ChunkCountingListener 書き出し件数:550000
%2024/03/08 14:38:37.054 [restartedMain] example.CategoryBatch.Config.Listener.ChunkCountingListener 処理終了件数:55
%2024/03/08 14:38:37.286 [restartedMain] example.CategoryBatch.Config.Listener.ChunkCountingListener 書き出し件数:560000
%2024/03/08 14:38:37.287 [restartedMain] example.CategoryBatch.Config.Listener.ChunkCountingListener 処理終了件数:56
%2024/03/08 14:38:37.546 [restartedMain] example.CategoryBatch.Config.Listener.ChunkCountingListener 書き出し件数:570000
%2024/03/08 14:38:37.547 [restartedMain] example.CategoryBatch.Config.Listener.ChunkCountingListener 処理終了件数:57
%2024/03/08 14:38:37.805 [restartedMain] example.CategoryBatch.Config.Listener.ChunkCountingListener 書き出し件数:580000
%2024/03/08 14:38:37.806 [restartedMain] example.CategoryBatch.Config.Listener.ChunkCountingListener 処理終了件数:58
%2024/03/08 14:38:38.043 [restartedMain] example.CategoryBatch.Config.Listener.ChunkCountingListener 書き出し件数:590000
%2024/03/08 14:38:38.044 [restartedMain] example.CategoryBatch.Config.Listener.ChunkCountingListener 処理終了件数:59
%2024/03/08 14:38:38.296 [restartedMain] example.CategoryBatch.Config.Listener.ChunkCountingListener 書き出し件数:600000
%2024/03/08 14:38:38.296 [restartedMain] example.CategoryBatch.Config.Listener.ChunkCountingListener 処理終了件数:60
%2024/03/08 14:38:38.556 [restartedMain] example.CategoryBatch.Config.Listener.ChunkCountingListener 書き出し件数:610000
%2024/03/08 14:38:38.556 [restartedMain] example.CategoryBatch.Config.Listener.ChunkCountingListener 処理終了件数:61
%2024/03/08 14:38:38.829 [restartedMain] example.CategoryBatch.Config.Listener.ChunkCountingListener 書き出し件数:620000
%2024/03/08 14:38:38.830 [restartedMain] example.CategoryBatch.Config.Listener.ChunkCountingListener 処理終了件数:62
%2024/03/08 14:38:39.101 [restartedMain] example.CategoryBatch.Config.Listener.ChunkCountingListener 書き出し件数:630000
%2024/03/08 14:38:39.101 [restartedMain] example.CategoryBatch.Config.Listener.ChunkCountingListener 処理終了件数:63
%2024/03/08 14:38:39.364 [restartedMain] example.CategoryBatch.Config.Listener.ChunkCountingListener 書き出し件数:640000
%2024/03/08 14:38:39.364 [restartedMain] example.CategoryBatch.Config.Listener.ChunkCountingListener 処理終了件数:64
%2024/03/08 14:38:39.635 [restartedMain] example.CategoryBatch.Config.Listener.ChunkCountingListener 書き出し件数:650000
%2024/03/08 14:38:39.635 [restartedMain] example.CategoryBatch.Config.Listener.ChunkCountingListener 処理終了件数:65
%2024/03/08 14:38:39.900 [restartedMain] example.CategoryBatch.Config.Listener.ChunkCountingListener 書き出し件数:660000
%2024/03/08 14:38:39.900 [restartedMain] example.CategoryBatch.Config.Listener.ChunkCountingListener 処理終了件数:66
%2024/03/08 14:38:40.158 [restartedMain] example.CategoryBatch.Config.Listener.ChunkCountingListener 書き出し件数:670000
%2024/03/08 14:38:40.158 [restartedMain] example.CategoryBatch.Config.Listener.ChunkCountingListener 処理終了件数:67
%2024/03/08 14:38:40.420 [restartedMain] example.CategoryBatch.Config.Listener.ChunkCountingListener 書き出し件数:680000
%2024/03/08 14:38:40.420 [restartedMain] example.CategoryBatch.Config.Listener.ChunkCountingListener 処理終了件数:68
%2024/03/08 14:38:40.699 [restartedMain] example.CategoryBatch.Config.Listener.ChunkCountingListener 書き出し件数:690000
%2024/03/08 14:38:40.699 [restartedMain] example.CategoryBatch.Config.Listener.ChunkCountingListener 処理終了件数:69
%2024/03/08 14:38:40.967 [restartedMain] example.CategoryBatch.Config.Listener.ChunkCountingListener 書き出し件数:700000
%2024/03/08 14:38:40.967 [restartedMain] example.CategoryBatch.Config.Listener.ChunkCountingListener 処理終了件数:70
%2024/03/08 14:38:41.223 [restartedMain] example.CategoryBatch.Config.Listener.ChunkCountingListener 書き出し件数:710000
%2024/03/08 14:38:41.224 [restartedMain] example.CategoryBatch.Config.Listener.ChunkCountingListener 処理終了件数:71
%2024/03/08 14:38:41.490 [restartedMain] example.CategoryBatch.Config.Listener.ChunkCountingListener 書き出し件数:720000
%2024/03/08 14:38:41.490 [restartedMain] example.CategoryBatch.Config.Listener.ChunkCountingListener 処理終了件数:72
%2024/03/08 14:38:41.730 [restartedMain] example.CategoryBatch.Config.Listener.ChunkCountingListener 書き出し件数:730000
%2024/03/08 14:38:41.730 [restartedMain] example.CategoryBatch.Config.Listener.ChunkCountingListener 処理終了件数:73
%2024/03/08 14:38:41.976 [restartedMain] example.CategoryBatch.Config.Listener.ChunkCountingListener 書き出し件数:740000
%2024/03/08 14:38:41.976 [restartedMain] example.CategoryBatch.Config.Listener.ChunkCountingListener 処理終了件数:74
%2024/03/08 14:38:42.229 [restartedMain] example.CategoryBatch.Config.Listener.ChunkCountingListener 書き出し件数:750000
%2024/03/08 14:38:42.230 [restartedMain] example.CategoryBatch.Config.Listener.ChunkCountingListener 処理終了件数:75
%2024/03/08 14:38:42.504 [restartedMain] example.CategoryBatch.Config.Listener.ChunkCountingListener 書き出し件数:760000
%2024/03/08 14:38:42.505 [restartedMain] example.CategoryBatch.Config.Listener.ChunkCountingListener 処理終了件数:76
%2024/03/08 14:38:42.775 [restartedMain] example.CategoryBatch.Config.Listener.ChunkCountingListener 書き出し件数:770000
%2024/03/08 14:38:42.775 [restartedMain] example.CategoryBatch.Config.Listener.ChunkCountingListener 処理終了件数:77
%2024/03/08 14:38:43.062 [restartedMain] example.CategoryBatch.Config.Listener.ChunkCountingListener 書き出し件数:780000
%2024/03/08 14:38:43.063 [restartedMain] example.CategoryBatch.Config.Listener.ChunkCountingListener 処理終了件数:78
%2024/03/08 14:38:43.339 [restartedMain] example.CategoryBatch.Config.Listener.ChunkCountingListener 書き出し件数:790000
%2024/03/08 14:38:43.339 [restartedMain] example.CategoryBatch.Config.Listener.ChunkCountingListener 処理終了件数:79
%2024/03/08 14:38:43.743 [restartedMain] example.CategoryBatch.Config.Listener.ChunkCountingListener 書き出し件数:800000
%2024/03/08 14:38:43.743 [restartedMain] example.CategoryBatch.Config.Listener.ChunkCountingListener 処理終了件数:80
%2024/03/08 14:38:44.131 [restartedMain] example.CategoryBatch.Config.Listener.ChunkCountingListener 書き出し件数:810000
%2024/03/08 14:38:44.136 [restartedMain] example.CategoryBatch.Config.Listener.ChunkCountingListener 処理終了件数:81
%2024/03/08 14:38:44.420 [restartedMain] example.CategoryBatch.Config.Listener.ChunkCountingListener 書き出し件数:820000
%2024/03/08 14:38:44.421 [restartedMain] example.CategoryBatch.Config.Listener.ChunkCountingListener 処理終了件数:82
%2024/03/08 14:38:44.665 [restartedMain] example.CategoryBatch.Config.Listener.ChunkCountingListener 書き出し件数:830000
%2024/03/08 14:38:44.665 [restartedMain] example.CategoryBatch.Config.Listener.ChunkCountingListener 処理終了件数:83
%2024/03/08 14:38:44.921 [restartedMain] example.CategoryBatch.Config.Listener.ChunkCountingListener 書き出し件数:840000
%2024/03/08 14:38:44.921 [restartedMain] example.CategoryBatch.Config.Listener.ChunkCountingListener 処理終了件数:84
%2024/03/08 14:38:45.199 [restartedMain] example.CategoryBatch.Config.Listener.ChunkCountingListener 書き出し件数:850000
%2024/03/08 14:38:45.199 [restartedMain] example.CategoryBatch.Config.Listener.ChunkCountingListener 処理終了件数:85
%2024/03/08 14:38:45.461 [restartedMain] example.CategoryBatch.Config.Listener.ChunkCountingListener 書き出し件数:860000
%2024/03/08 14:38:45.461 [restartedMain] example.CategoryBatch.Config.Listener.ChunkCountingListener 処理終了件数:86
%2024/03/08 14:38:45.749 [restartedMain] example.CategoryBatch.Config.Listener.ChunkCountingListener 書き出し件数:870000
%2024/03/08 14:38:45.749 [restartedMain] example.CategoryBatch.Config.Listener.ChunkCountingListener 処理終了件数:87
%2024/03/08 14:38:46.003 [restartedMain] example.CategoryBatch.Config.Listener.ChunkCountingListener 書き出し件数:880000
%2024/03/08 14:38:46.004 [restartedMain] example.CategoryBatch.Config.Listener.ChunkCountingListener 処理終了件数:88
%2024/03/08 14:38:46.260 [restartedMain] example.CategoryBatch.Config.Listener.ChunkCountingListener 書き出し件数:890000
%2024/03/08 14:38:46.261 [restartedMain] example.CategoryBatch.Config.Listener.ChunkCountingListener 処理終了件数:89
%2024/03/08 14:38:46.506 [restartedMain] example.CategoryBatch.Config.Listener.ChunkCountingListener 書き出し件数:900000
%2024/03/08 14:38:46.506 [restartedMain] example.CategoryBatch.Config.Listener.ChunkCountingListener 処理終了件数:90
%2024/03/08 14:38:46.751 [restartedMain] example.CategoryBatch.Config.Listener.ChunkCountingListener 書き出し件数:910000
%2024/03/08 14:38:46.751 [restartedMain] example.CategoryBatch.Config.Listener.ChunkCountingListener 処理終了件数:91
%2024/03/08 14:38:47.007 [restartedMain] example.CategoryBatch.Config.Listener.ChunkCountingListener 書き出し件数:920000
%2024/03/08 14:38:47.008 [restartedMain] example.CategoryBatch.Config.Listener.ChunkCountingListener 処理終了件数:92
%2024/03/08 14:38:47.250 [restartedMain] example.CategoryBatch.Config.Listener.ChunkCountingListener 書き出し件数:930000
%2024/03/08 14:38:47.250 [restartedMain] example.CategoryBatch.Config.Listener.ChunkCountingListener 処理終了件数:93
%2024/03/08 14:38:47.491 [restartedMain] example.CategoryBatch.Config.Listener.ChunkCountingListener 書き出し件数:940000
%2024/03/08 14:38:47.491 [restartedMain] example.CategoryBatch.Config.Listener.ChunkCountingListener 処理終了件数:94
%2024/03/08 14:38:47.731 [restartedMain] example.CategoryBatch.Config.Listener.ChunkCountingListener 書き出し件数:950000
%2024/03/08 14:38:47.731 [restartedMain] example.CategoryBatch.Config.Listener.ChunkCountingListener 処理終了件数:95
%2024/03/08 14:38:47.978 [restartedMain] example.CategoryBatch.Config.Listener.ChunkCountingListener 書き出し件数:960000
%2024/03/08 14:38:47.978 [restartedMain] example.CategoryBatch.Config.Listener.ChunkCountingListener 処理終了件数:96
%2024/03/08 14:38:48.240 [restartedMain] example.CategoryBatch.Config.Listener.ChunkCountingListener 書き出し件数:970000
%2024/03/08 14:38:48.240 [restartedMain] example.CategoryBatch.Config.Listener.ChunkCountingListener 処理終了件数:97
%2024/03/08 14:38:48.529 [restartedMain] example.CategoryBatch.Config.Listener.ChunkCountingListener 書き出し件数:980000
%2024/03/08 14:38:48.529 [restartedMain] example.CategoryBatch.Config.Listener.ChunkCountingListener 処理終了件数:98
%2024/03/08 14:38:48.806 [restartedMain] example.CategoryBatch.Config.Listener.ChunkCountingListener 書き出し件数:990000
%2024/03/08 14:38:48.806 [restartedMain] example.CategoryBatch.Config.Listener.ChunkCountingListener 処理終了件数:99
%2024/03/08 14:38:49.074 [restartedMain] example.CategoryBatch.Config.Listener.ChunkCountingListener 書き出し件数:1000000
%2024/03/08 14:38:49.074 [restartedMain] example.CategoryBatch.Config.Listener.ChunkCountingListener 処理終了件数:100
%2024/03/08 14:38:49.338 [restartedMain] example.CategoryBatch.Config.Listener.ChunkCountingListener 書き出し件数:1010000
%2024/03/08 14:38:49.338 [restartedMain] example.CategoryBatch.Config.Listener.ChunkCountingListener 処理終了件数:101
%2024/03/08 14:38:49.584 [restartedMain] example.CategoryBatch.Config.Listener.ChunkCountingListener 書き出し件数:1020000
%2024/03/08 14:38:49.584 [restartedMain] example.CategoryBatch.Config.Listener.ChunkCountingListener 処理終了件数:102
%2024/03/08 14:38:49.831 [restartedMain] example.CategoryBatch.Config.Listener.ChunkCountingListener 書き出し件数:1030000
%2024/03/08 14:38:49.831 [restartedMain] example.CategoryBatch.Config.Listener.ChunkCountingListener 処理終了件数:103
%2024/03/08 14:38:50.105 [restartedMain] example.CategoryBatch.Config.Listener.ChunkCountingListener 書き出し件数:1040000
%2024/03/08 14:38:50.106 [restartedMain] example.CategoryBatch.Config.Listener.ChunkCountingListener 処理終了件数:104
%2024/03/08 14:38:50.397 [restartedMain] example.CategoryBatch.Config.Listener.ChunkCountingListener 書き出し件数:1050000
%2024/03/08 14:38:50.397 [restartedMain] example.CategoryBatch.Config.Listener.ChunkCountingListener 処理終了件数:105
%2024/03/08 14:38:50.682 [restartedMain] example.CategoryBatch.Config.Listener.ChunkCountingListener 書き出し件数:1060000
%2024/03/08 14:38:50.682 [restartedMain] example.CategoryBatch.Config.Listener.ChunkCountingListener 処理終了件数:106
%2024/03/08 14:38:50.972 [restartedMain] example.CategoryBatch.Config.Listener.ChunkCountingListener 書き出し件数:1070000
%2024/03/08 14:38:50.972 [restartedMain] example.CategoryBatch.Config.Listener.ChunkCountingListener 処理終了件数:107
%2024/03/08 14:38:51.254 [restartedMain] example.CategoryBatch.Config.Listener.ChunkCountingListener 書き出し件数:1080000
%2024/03/08 14:38:51.254 [restartedMain] example.CategoryBatch.Config.Listener.ChunkCountingListener 処理終了件数:108
%2024/03/08 14:38:51.516 [restartedMain] example.CategoryBatch.Config.Listener.ChunkCountingListener 書き出し件数:1090000
%2024/03/08 14:38:51.516 [restartedMain] example.CategoryBatch.Config.Listener.ChunkCountingListener 処理終了件数:109
%2024/03/08 14:38:51.797 [restartedMain] example.CategoryBatch.Config.Listener.ChunkCountingListener 書き出し件数:1100000
%2024/03/08 14:38:51.797 [restartedMain] example.CategoryBatch.Config.Listener.ChunkCountingListener 処理終了件数:110
%2024/03/08 14:38:52.073 [restartedMain] example.CategoryBatch.Config.Listener.ChunkCountingListener 書き出し件数:1110000
%2024/03/08 14:38:52.073 [restartedMain] example.CategoryBatch.Config.Listener.ChunkCountingListener 処理終了件数:111
%2024/03/08 14:38:52.453 [restartedMain] example.CategoryBatch.Config.Listener.ChunkCountingListener 書き出し件数:1120000
%2024/03/08 14:38:52.460 [restartedMain] example.CategoryBatch.Config.Listener.ChunkCountingListener 処理終了件数:112
%2024/03/08 14:38:52.760 [restartedMain] example.CategoryBatch.Config.Listener.ChunkCountingListener 書き出し件数:1130000
%2024/03/08 14:38:52.760 [restartedMain] example.CategoryBatch.Config.Listener.ChunkCountingListener 処理終了件数:113
%2024/03/08 14:38:53.031 [restartedMain] example.CategoryBatch.Config.Listener.ChunkCountingListener 書き出し件数:1140000
%2024/03/08 14:38:53.031 [restartedMain] example.CategoryBatch.Config.Listener.ChunkCountingListener 処理終了件数:114
%2024/03/08 14:38:53.304 [restartedMain] example.CategoryBatch.Config.Listener.ChunkCountingListener 書き出し件数:1150000
%2024/03/08 14:38:53.304 [restartedMain] example.CategoryBatch.Config.Listener.ChunkCountingListener 処理終了件数:115
%2024/03/08 14:38:53.581 [restartedMain] example.CategoryBatch.Config.Listener.ChunkCountingListener 書き出し件数:1160000
%2024/03/08 14:38:53.583 [restartedMain] example.CategoryBatch.Config.Listener.ChunkCountingListener 処理終了件数:116
%2024/03/08 14:38:53.856 [restartedMain] example.CategoryBatch.Config.Listener.ChunkCountingListener 書き出し件数:1170000
%2024/03/08 14:38:53.856 [restartedMain] example.CategoryBatch.Config.Listener.ChunkCountingListener 処理終了件数:117
%2024/03/08 14:38:54.130 [restartedMain] example.CategoryBatch.Config.Listener.ChunkCountingListener 書き出し件数:1180000
%2024/03/08 14:38:54.130 [restartedMain] example.CategoryBatch.Config.Listener.ChunkCountingListener 処理終了件数:118
%2024/03/08 14:38:54.579 [restartedMain] example.CategoryBatch.Config.Listener.ChunkCountingListener 書き出し件数:1190000
%2024/03/08 14:38:54.581 [restartedMain] example.CategoryBatch.Config.Listener.ChunkCountingListener 処理終了件数:119
%2024/03/08 14:38:54.865 [restartedMain] example.CategoryBatch.Config.Listener.ChunkCountingListener 書き出し件数:1200000
%2024/03/08 14:38:54.866 [restartedMain] example.CategoryBatch.Config.Listener.ChunkCountingListener 処理終了件数:120
%2024/03/08 14:38:55.159 [restartedMain] example.CategoryBatch.Config.Listener.ChunkCountingListener 書き出し件数:1210000
%2024/03/08 14:38:55.160 [restartedMain] example.CategoryBatch.Config.Listener.ChunkCountingListener 処理終了件数:121
%2024/03/08 14:38:55.422 [restartedMain] example.CategoryBatch.Config.Listener.ChunkCountingListener 書き出し件数:1220000
%2024/03/08 14:38:55.422 [restartedMain] example.CategoryBatch.Config.Listener.ChunkCountingListener 処理終了件数:122
%2024/03/08 14:38:55.709 [restartedMain] example.CategoryBatch.Config.Listener.ChunkCountingListener 書き出し件数:1230000
%2024/03/08 14:38:55.710 [restartedMain] example.CategoryBatch.Config.Listener.ChunkCountingListener 処理終了件数:123
%2024/03/08 14:38:56.005 [restartedMain] example.CategoryBatch.Config.Listener.ChunkCountingListener 書き出し件数:1240000
%2024/03/08 14:38:56.011 [restartedMain] example.CategoryBatch.Config.Listener.ChunkCountingListener 処理終了件数:124
%2024/03/08 14:38:56.271 [restartedMain] example.CategoryBatch.Config.Listener.ChunkCountingListener 書き出し件数:1250000
%2024/03/08 14:38:56.272 [restartedMain] example.CategoryBatch.Config.Listener.ChunkCountingListener 処理終了件数:125
%2024/03/08 14:38:56.533 [restartedMain] example.CategoryBatch.Config.Listener.ChunkCountingListener 書き出し件数:1260000
%2024/03/08 14:38:56.533 [restartedMain] example.CategoryBatch.Config.Listener.ChunkCountingListener 処理終了件数:126
%2024/03/08 14:38:56.821 [restartedMain] example.CategoryBatch.Config.Listener.ChunkCountingListener 書き出し件数:1270000
%2024/03/08 14:38:56.821 [restartedMain] example.CategoryBatch.Config.Listener.ChunkCountingListener 処理終了件数:127
%2024/03/08 14:38:57.187 [restartedMain] example.CategoryBatch.Config.Listener.ChunkCountingListener 書き出し件数:1280000
%2024/03/08 14:38:57.188 [restartedMain] example.CategoryBatch.Config.Listener.ChunkCountingListener 処理終了件数:128
%2024/03/08 14:38:57.476 [restartedMain] example.CategoryBatch.Config.Listener.ChunkCountingListener 書き出し件数:1290000
%2024/03/08 14:38:57.477 [restartedMain] example.CategoryBatch.Config.Listener.ChunkCountingListener 処理終了件数:129
%2024/03/08 14:38:57.797 [restartedMain] example.CategoryBatch.Config.Listener.ChunkCountingListener 書き出し件数:1300000
%2024/03/08 14:38:57.797 [restartedMain] example.CategoryBatch.Config.Listener.ChunkCountingListener 処理終了件数:130
%2024/03/08 14:38:58.077 [restartedMain] example.CategoryBatch.Config.Listener.ChunkCountingListener 書き出し件数:1310000
%2024/03/08 14:38:58.077 [restartedMain] example.CategoryBatch.Config.Listener.ChunkCountingListener 処理終了件数:131
%2024/03/08 14:38:58.339 [restartedMain] example.CategoryBatch.Config.Listener.ChunkCountingListener 書き出し件数:1320000
%2024/03/08 14:38:58.339 [restartedMain] example.CategoryBatch.Config.Listener.ChunkCountingListener 処理終了件数:132
%2024/03/08 14:38:58.598 [restartedMain] example.CategoryBatch.Config.Listener.ChunkCountingListener 書き出し件数:1330000
%2024/03/08 14:38:58.599 [restartedMain] example.CategoryBatch.Config.Listener.ChunkCountingListener 処理終了件数:133
%2024/03/08 14:38:58.872 [restartedMain] example.CategoryBatch.Config.Listener.ChunkCountingListener 書き出し件数:1340000
%2024/03/08 14:38:58.872 [restartedMain] example.CategoryBatch.Config.Listener.ChunkCountingListener 処理終了件数:134
%2024/03/08 14:38:59.146 [restartedMain] example.CategoryBatch.Config.Listener.ChunkCountingListener 書き出し件数:1350000
%2024/03/08 14:38:59.146 [restartedMain] example.CategoryBatch.Config.Listener.ChunkCountingListener 処理終了件数:135
%2024/03/08 14:38:59.423 [restartedMain] example.CategoryBatch.Config.Listener.ChunkCountingListener 書き出し件数:1360000
%2024/03/08 14:38:59.424 [restartedMain] example.CategoryBatch.Config.Listener.ChunkCountingListener 処理終了件数:136
%2024/03/08 14:38:59.696 [restartedMain] example.CategoryBatch.Config.Listener.ChunkCountingListener 書き出し件数:1370000
%2024/03/08 14:38:59.697 [restartedMain] example.CategoryBatch.Config.Listener.ChunkCountingListener 処理終了件数:137
%2024/03/08 14:39:00.223 [restartedMain] example.CategoryBatch.Config.Listener.ChunkCountingListener 書き出し件数:1380000
%2024/03/08 14:39:00.224 [restartedMain] example.CategoryBatch.Config.Listener.ChunkCountingListener 処理終了件数:138
%2024/03/08 14:39:00.489 [restartedMain] example.CategoryBatch.Config.Listener.ChunkCountingListener 書き出し件数:1390000
%2024/03/08 14:39:00.489 [restartedMain] example.CategoryBatch.Config.Listener.ChunkCountingListener 処理終了件数:139
%2024/03/08 14:39:00.787 [restartedMain] example.CategoryBatch.Config.Listener.ChunkCountingListener 書き出し件数:1400000
%2024/03/08 14:39:00.793 [restartedMain] example.CategoryBatch.Config.Listener.ChunkCountingListener 処理終了件数:140
%2024/03/08 14:39:01.035 [restartedMain] example.CategoryBatch.Config.Listener.ChunkCountingListener 書き出し件数:1410000
%2024/03/08 14:39:01.036 [restartedMain] example.CategoryBatch.Config.Listener.ChunkCountingListener 処理終了件数:141
%2024/03/08 14:39:01.273 [restartedMain] example.CategoryBatch.Config.Listener.ChunkCountingListener 書き出し件数:1420000
%2024/03/08 14:39:01.274 [restartedMain] example.CategoryBatch.Config.Listener.ChunkCountingListener 処理終了件数:142
%2024/03/08 14:39:01.540 [restartedMain] example.CategoryBatch.Config.Listener.ChunkCountingListener 書き出し件数:1430000
%2024/03/08 14:39:01.541 [restartedMain] example.CategoryBatch.Config.Listener.ChunkCountingListener 処理終了件数:143
%2024/03/08 14:39:01.874 [restartedMain] example.CategoryBatch.Config.Listener.ChunkCountingListener 書き出し件数:1440000
%2024/03/08 14:39:01.878 [restartedMain] example.CategoryBatch.Config.Listener.ChunkCountingListener 処理終了件数:144
%2024/03/08 14:39:02.146 [restartedMain] example.CategoryBatch.Config.Listener.ChunkCountingListener 書き出し件数:1450000
%2024/03/08 14:39:02.147 [restartedMain] example.CategoryBatch.Config.Listener.ChunkCountingListener 処理終了件数:145
%2024/03/08 14:39:02.434 [restartedMain] example.CategoryBatch.Config.Listener.ChunkCountingListener 書き出し件数:1460000
%2024/03/08 14:39:02.435 [restartedMain] example.CategoryBatch.Config.Listener.ChunkCountingListener 処理終了件数:146
%2024/03/08 14:39:02.712 [restartedMain] example.CategoryBatch.Config.Listener.ChunkCountingListener 書き出し件数:1470000
%2024/03/08 14:39:02.713 [restartedMain] example.CategoryBatch.Config.Listener.ChunkCountingListener 処理終了件数:147
%2024/03/08 14:39:02.976 [restartedMain] example.CategoryBatch.Config.Listener.ChunkCountingListener 書き出し件数:1480000
%2024/03/08 14:39:02.978 [restartedMain] example.CategoryBatch.Config.Listener.ChunkCountingListener 処理終了件数:148
%2024/03/08 14:39:03.060 [restartedMain] example.CategoryBatch.Config.Listener.ChunkCountingListener 書き出し件数:1482535
%2024/03/08 14:39:03.060 [restartedMain] example.CategoryBatch.Config.Listener.ChunkCountingListener 処理終了件数:149
%